{
  "stats": {
    "suites": 1,
    "tests": 1,
    "passes": 0,
    "pending": 0,
    "failures": 1,
    "start": "2022-08-13T12:16:18.193Z",
    "end": "2022-08-13T12:16:20.284Z",
    "duration": 2091,
    "testsRegistered": 1,
    "passPercent": 0,
    "pendingPercent": 0,
    "other": 0,
    "hasOther": false,
    "skipped": 0,
    "hasSkipped": false
  },
  "results": [
    {
      "uuid": "d54a1c25-e0ad-4b57-a416-28f8ff703688",
      "title": "",
      "fullFile": "/Users/a.putyatina/Documents/cosmicQA/apichallenges.herokuapp/specs/advanced.spec.js",
      "file": "/specs/advanced.spec.js",
      "beforeHooks": [],
      "afterHooks": [],
      "tests": [],
      "suites": [
        {
          "uuid": "dfbd7cae-a677-45e5-8617-6ef0c61ac2d4",
          "title": "Отправляем сетевые запросы",
          "fullFile": "/Users/a.putyatina/Documents/cosmicQA/apichallenges.herokuapp/specs/advanced.spec.js",
          "file": "/specs/advanced.spec.js",
          "beforeHooks": [
            {
              "title": "\"before all\" hook: Получить токен in \"Отправляем сетевые запросы\"",
              "fullTitle": "Отправляем сетевые запросы \"before all\" hook: Получить токен in \"Отправляем сетевые запросы\"",
              "timedOut": false,
              "duration": 751,
              "state": null,
              "speed": null,
              "pass": false,
              "fail": false,
              "pending": false,
              "context": null,
              "code": "const {\n  headers\n} = await (0, _index.api)().Challenger().post();\ntoken = headers['x-challenger'];",
              "err": {},
              "uuid": "5c001f75-f443-48aa-88d8-3957a6dbf682",
              "parentUUID": "dfbd7cae-a677-45e5-8617-6ef0c61ac2d4",
              "isHook": true,
              "skipped": false
            }
          ],
          "afterHooks": [
            {
              "title": "\"after all\" hook: Посмотреть результат in \"Отправляем сетевые запросы\"",
              "fullTitle": "Отправляем сетевые запросы \"after all\" hook: Посмотреть результат in \"Отправляем сетевые запросы\"",
              "timedOut": false,
              "duration": 2,
              "state": null,
              "speed": null,
              "pass": false,
              "fail": false,
              "pending": false,
              "context": null,
              "code": "console.log('Результаты смотреть здесь');\nconsole.log(`https://apichallenges.herokuapp.com/gui/challenges/${token}`);",
              "err": {},
              "uuid": "aeb76b5d-841e-4241-9695-1beee1406c75",
              "parentUUID": "dfbd7cae-a677-45e5-8617-6ef0c61ac2d4",
              "isHook": true,
              "skipped": false
            }
          ],
          "tests": [
            {
              "title": "Получить список заданий, 200",
              "fullTitle": "Отправляем сетевые запросы Получить список заданий, 200",
              "timedOut": false,
              "duration": 1281,
              "state": "failed",
              "speed": null,
              "pass": false,
              "fail": true,
              "pending": false,
              "context": null,
              "code": "const {\n  body,\n  statusCode\n} = await (0, _index.api)().Challenges().get(token); // console.log(body);\n// arr.forEach(item, i, arr);\nlet count = 0;\nbody.todos.forEach(item => {\n  if (item.title.lengh >= 5) {\n    count += 1;\n  }\n  console.log(item);\n});\nassert.strictEqual(count, 4, 'Нет задач с именем больше 5 символов');\nassert.strictEqual(statusCode, 200, 'statusCode не 200');",
              "err": {
                "message": "TypeError: Cannot read properties of undefined (reading 'forEach')",
                "estack": "TypeError: Cannot read properties of undefined (reading 'forEach')\n    at Context.<anonymous> (specs/advanced.spec.js:28:16)\n    at processTicksAndRejections (node:internal/process/task_queues:96:5)",
                "diff": null
              },
              "uuid": "611c616b-3877-45da-8aeb-872b523f46f9",
              "parentUUID": "dfbd7cae-a677-45e5-8617-6ef0c61ac2d4",
              "isHook": false,
              "skipped": false
            }
          ],
          "suites": [],
          "passes": [],
          "failures": [
            "611c616b-3877-45da-8aeb-872b523f46f9"
          ],
          "pending": [],
          "skipped": [],
          "duration": 1281,
          "root": false,
          "rootEmpty": false,
          "_timeout": 50000
        }
      ],
      "passes": [],
      "failures": [],
      "pending": [],
      "skipped": [],
      "duration": 0,
      "root": true,
      "rootEmpty": true,
      "_timeout": 50000
    }
  ],
  "meta": {
    "mocha": {
      "version": "10.0.0"
    },
    "mochawesome": {
      "options": {
        "quiet": false,
        "reportFilename": "mochawesome",
        "saveHtml": true,
        "saveJson": true,
        "consoleReporter": "spec",
        "useInlineDiffs": false,
        "code": true
      },
      "version": "7.1.3"
    },
    "marge": {
      "options": {
        "id": "default"
      },
      "version": "6.2.0"
    }
  }
}